Analysis & Synthesis report for process
Wed Nov 10 01:03:01 2021
Quartus Prime Version 16.0.0 Build 211 04/27/2016 SJ Lite Edition


---------------------
; Table of Contents ;
---------------------
  1. Legal Notice
  2. Analysis & Synthesis Summary
  3. Analysis & Synthesis Settings
  4. Parallel Compilation
  5. Analysis & Synthesis Source Files Read
  6. Analysis & Synthesis Resource Usage Summary
  7. Analysis & Synthesis Resource Utilization by Entity
  8. Analysis & Synthesis RAM Summary
  9. Registers Removed During Synthesis
 10. Removed Registers Triggering Further Register Optimizations
 11. General Register Statistics
 12. Multiplexer Restructuring Statistics (Restructuring Performed)
 13. Source assignments for imem:my_imem|altsyncram:altsyncram_component|altsyncram_m591:auto_generated
 14. Source assignments for dmem:my_dmem|altsyncram:altsyncram_component|altsyncram_0jf1:auto_generated
 15. Parameter Settings for User Entity Instance: imem:my_imem|altsyncram:altsyncram_component
 16. Parameter Settings for User Entity Instance: dmem:my_dmem|altsyncram:altsyncram_component
 17. altsyncram Parameter Settings by Entity Instance
 18. Port Connectivity Checks: "processor:my_processor|register:pc_fetch"
 19. Post-Synthesis Netlist Statistics for Top Partition
 20. Elapsed Time Per Partition
 21. Analysis & Synthesis Messages
 22. Analysis & Synthesis Suppressed Messages



----------------
; Legal Notice ;
----------------
Copyright (C) 1991-2016 Altera Corporation. All rights reserved.
Your use of Altera Corporation's design tools, logic functions 
and other software and tools, and its AMPP partner logic 
functions, and any output files from any of the foregoing 
(including device programming or simulation files), and any 
associated documentation or information are expressly subject 
to the terms and conditions of the Altera Program License 
Subscription Agreement, the Altera Quartus Prime License Agreement,
the Altera MegaCore Function License Agreement, or other 
applicable license agreement, including, without limitation, 
that your use is for the sole purpose of programming logic 
devices manufactured by Altera and sold by Altera or its 
authorized distributors.  Please refer to the applicable 
agreement for further details.



+----------------------------------------------------------------------------------+
; Analysis & Synthesis Summary                                                     ;
+------------------------------------+---------------------------------------------+
; Analysis & Synthesis Status        ; Successful - Wed Nov 10 01:03:01 2021       ;
; Quartus Prime Version              ; 16.0.0 Build 211 04/27/2016 SJ Lite Edition ;
; Revision Name                      ; process                                     ;
; Top-level Entity Name              ; skeleton                                    ;
; Family                             ; Cyclone IV E                                ;
; Total logic elements               ; 3,206                                       ;
;     Total combinational functions  ; 2,246                                       ;
;     Dedicated logic registers      ; 1,026                                       ;
; Total registers                    ; 1026                                        ;
; Total pins                         ; 237                                         ;
; Total virtual pins                 ; 0                                           ;
; Total memory bits                  ; 262,144                                     ;
; Embedded Multiplier 9-bit elements ; 0                                           ;
; Total PLLs                         ; 0                                           ;
+------------------------------------+---------------------------------------------+


+----------------------------------------------------------------------------------------------------------------------+
; Analysis & Synthesis Settings                                                                                        ;
+----------------------------------------------------------------------------+--------------------+--------------------+
; Option                                                                     ; Setting            ; Default Value      ;
+----------------------------------------------------------------------------+--------------------+--------------------+
; Device                                                                     ; EP4CE115F29C7      ;                    ;
; Top-level entity name                                                      ; skeleton           ; process            ;
; Family name                                                                ; Cyclone IV E       ; Cyclone V          ;
; Use smart compilation                                                      ; Off                ; Off                ;
; Enable parallel Assembler and TimeQuest Timing Analyzer during compilation ; On                 ; On                 ;
; Enable compact report table                                                ; Off                ; Off                ;
; Restructure Multiplexers                                                   ; Auto               ; Auto               ;
; Create Debugging Nodes for IP Cores                                        ; Off                ; Off                ;
; Preserve fewer node names                                                  ; On                 ; On                 ;
; Disable OpenCore Plus hardware evaluation                                  ; Off                ; Off                ;
; Verilog Version                                                            ; Verilog_2001       ; Verilog_2001       ;
; VHDL Version                                                               ; VHDL_1993          ; VHDL_1993          ;
; State Machine Processing                                                   ; Auto               ; Auto               ;
; Safe State Machine                                                         ; Off                ; Off                ;
; Extract Verilog State Machines                                             ; On                 ; On                 ;
; Extract VHDL State Machines                                                ; On                 ; On                 ;
; Ignore Verilog initial constructs                                          ; Off                ; Off                ;
; Iteration limit for constant Verilog loops                                 ; 5000               ; 5000               ;
; Iteration limit for non-constant Verilog loops                             ; 250                ; 250                ;
; Add Pass-Through Logic to Inferred RAMs                                    ; On                 ; On                 ;
; Infer RAMs from Raw Logic                                                  ; On                 ; On                 ;
; Parallel Synthesis                                                         ; On                 ; On                 ;
; DSP Block Balancing                                                        ; Auto               ; Auto               ;
; NOT Gate Push-Back                                                         ; On                 ; On                 ;
; Power-Up Don't Care                                                        ; On                 ; On                 ;
; Remove Redundant Logic Cells                                               ; Off                ; Off                ;
; Remove Duplicate Registers                                                 ; On                 ; On                 ;
; Ignore CARRY Buffers                                                       ; Off                ; Off                ;
; Ignore CASCADE Buffers                                                     ; Off                ; Off                ;
; Ignore GLOBAL Buffers                                                      ; Off                ; Off                ;
; Ignore ROW GLOBAL Buffers                                                  ; Off                ; Off                ;
; Ignore LCELL Buffers                                                       ; Off                ; Off                ;
; Ignore SOFT Buffers                                                        ; On                 ; On                 ;
; Limit AHDL Integers to 32 Bits                                             ; Off                ; Off                ;
; Optimization Technique                                                     ; Balanced           ; Balanced           ;
; Carry Chain Length                                                         ; 70                 ; 70                 ;
; Auto Carry Chains                                                          ; On                 ; On                 ;
; Auto Open-Drain Pins                                                       ; On                 ; On                 ;
; Perform WYSIWYG Primitive Resynthesis                                      ; Off                ; Off                ;
; Auto ROM Replacement                                                       ; On                 ; On                 ;
; Auto RAM Replacement                                                       ; On                 ; On                 ;
; Auto DSP Block Replacement                                                 ; On                 ; On                 ;
; Auto Shift Register Replacement                                            ; Auto               ; Auto               ;
; Allow Shift Register Merging across Hierarchies                            ; Auto               ; Auto               ;
; Auto Clock Enable Replacement                                              ; On                 ; On                 ;
; Strict RAM Replacement                                                     ; Off                ; Off                ;
; Allow Synchronous Control Signals                                          ; On                 ; On                 ;
; Force Use of Synchronous Clear Signals                                     ; Off                ; Off                ;
; Auto RAM Block Balancing                                                   ; On                 ; On                 ;
; Auto RAM to Logic Cell Conversion                                          ; Off                ; Off                ;
; Auto Resource Sharing                                                      ; Off                ; Off                ;
; Allow Any RAM Size For Recognition                                         ; Off                ; Off                ;
; Allow Any ROM Size For Recognition                                         ; Off                ; Off                ;
; Allow Any Shift Register Size For Recognition                              ; Off                ; Off                ;
; Use LogicLock Constraints during Resource Balancing                        ; On                 ; On                 ;
; Ignore translate_off and synthesis_off directives                          ; Off                ; Off                ;
; Timing-Driven Synthesis                                                    ; On                 ; On                 ;
; Report Parameter Settings                                                  ; On                 ; On                 ;
; Report Source Assignments                                                  ; On                 ; On                 ;
; Report Connectivity Checks                                                 ; On                 ; On                 ;
; Ignore Maximum Fan-Out Assignments                                         ; Off                ; Off                ;
; Synchronization Register Chain Length                                      ; 2                  ; 2                  ;
; PowerPlay Power Optimization During Synthesis                              ; Normal compilation ; Normal compilation ;
; HDL message level                                                          ; Level2             ; Level2             ;
; Suppress Register Optimization Related Messages                            ; Off                ; Off                ;
; Number of Removed Registers Reported in Synthesis Report                   ; 5000               ; 5000               ;
; Number of Swept Nodes Reported in Synthesis Report                         ; 5000               ; 5000               ;
; Number of Inverted Registers Reported in Synthesis Report                  ; 100                ; 100                ;
; Clock MUX Protection                                                       ; On                 ; On                 ;
; Auto Gated Clock Conversion                                                ; Off                ; Off                ;
; Block Design Naming                                                        ; Auto               ; Auto               ;
; SDC constraint protection                                                  ; Off                ; Off                ;
; Synthesis Effort                                                           ; Auto               ; Auto               ;
; Shift Register Replacement - Allow Asynchronous Clear Signal               ; On                 ; On                 ;
; Pre-Mapping Resynthesis Optimization                                       ; Off                ; Off                ;
; Analysis & Synthesis Message Level                                         ; Medium             ; Medium             ;
; Disable Register Merging Across Hierarchies                                ; Auto               ; Auto               ;
; Resource Aware Inference For Block RAM                                     ; On                 ; On                 ;
; Synthesis Seed                                                             ; 1                  ; 1                  ;
+----------------------------------------------------------------------------+--------------------+--------------------+


+------------------------------------------+
; Parallel Compilation                     ;
+----------------------------+-------------+
; Processors                 ; Number      ;
+----------------------------+-------------+
; Number detected on machine ; 2           ;
; Maximum allowed            ; 2           ;
;                            ;             ;
; Average used               ; 1.00        ;
; Maximum used               ; 2           ;
;                            ;             ;
; Usage by Processor         ; % Time Used ;
;     Processor 1            ; 100.0%      ;
;     Processor 2            ;   0.1%      ;
+----------------------------+-------------+


+-----------------------------------------------------------------------------------------------------------------------------------------------------------------------------+
; Analysis & Synthesis Source Files Read                                                                                                                                      ;
+----------------------------------+-----------------+----------------------------------+---------------------------------------------------------------------------+---------+
; File Name with User-Entered Path ; Used in Netlist ; File Type                        ; File Name with Absolute Path                                              ; Library ;
+----------------------------------+-----------------+----------------------------------+---------------------------------------------------------------------------+---------+
; alu.v                            ; yes             ; User Verilog HDL File            ; C:/Documents/ECE550/Project_3(1)/alu.v                                    ;         ;
; clk_div_2.v                      ; yes             ; User Verilog HDL File            ; C:/Documents/ECE550/Project_3(1)/clk_div_2.v                              ;         ;
; dffe_ref.v                       ; yes             ; User Verilog HDL File            ; C:/Documents/ECE550/Project_3(1)/dffe_ref.v                               ;         ;
; dmem.v                           ; yes             ; User Wizard-Generated File       ; C:/Documents/ECE550/Project_3(1)/dmem.v                                   ;         ;
; imem.v                           ; yes             ; User Wizard-Generated File       ; C:/Documents/ECE550/Project_3(1)/imem.v                                   ;         ;
; processor.v                      ; yes             ; User Verilog HDL File            ; C:/Documents/ECE550/Project_3(1)/processor.v                              ;         ;
; regfile.v                        ; yes             ; User Verilog HDL File            ; C:/Documents/ECE550/Project_3(1)/regfile.v                                ;         ;
; register.v                       ; yes             ; User Verilog HDL File            ; C:/Documents/ECE550/Project_3(1)/register.v                               ;         ;
; skeleton.v                       ; yes             ; User Verilog HDL File            ; C:/Documents/ECE550/Project_3(1)/skeleton.v                               ;         ;
; imem.mif                         ; yes             ; User Memory Initialization File  ; C:/Documents/ECE550/Project_3(1)/imem.mif                                 ;         ;
; altsyncram.tdf                   ; yes             ; Megafunction                     ; c:/altera_lite/16.0/quartus/libraries/megafunctions/altsyncram.tdf        ;         ;
; stratix_ram_block.inc            ; yes             ; Megafunction                     ; c:/altera_lite/16.0/quartus/libraries/megafunctions/stratix_ram_block.inc ;         ;
; lpm_mux.inc                      ; yes             ; Megafunction                     ; c:/altera_lite/16.0/quartus/libraries/megafunctions/lpm_mux.inc           ;         ;
; lpm_decode.inc                   ; yes             ; Megafunction                     ; c:/altera_lite/16.0/quartus/libraries/megafunctions/lpm_decode.inc        ;         ;
; aglobal160.inc                   ; yes             ; Megafunction                     ; c:/altera_lite/16.0/quartus/libraries/megafunctions/aglobal160.inc        ;         ;
; a_rdenreg.inc                    ; yes             ; Megafunction                     ; c:/altera_lite/16.0/quartus/libraries/megafunctions/a_rdenreg.inc         ;         ;
; altrom.inc                       ; yes             ; Megafunction                     ; c:/altera_lite/16.0/quartus/libraries/megafunctions/altrom.inc            ;         ;
; altram.inc                       ; yes             ; Megafunction                     ; c:/altera_lite/16.0/quartus/libraries/megafunctions/altram.inc            ;         ;
; altdpram.inc                     ; yes             ; Megafunction                     ; c:/altera_lite/16.0/quartus/libraries/megafunctions/altdpram.inc          ;         ;
; db/altsyncram_m591.tdf           ; yes             ; Auto-Generated Megafunction      ; C:/Documents/ECE550/Project_3(1)/db/altsyncram_m591.tdf                   ;         ;
; db/altsyncram_0jf1.tdf           ; yes             ; Auto-Generated Megafunction      ; C:/Documents/ECE550/Project_3(1)/db/altsyncram_0jf1.tdf                   ;         ;
+----------------------------------+-----------------+----------------------------------+---------------------------------------------------------------------------+---------+


+-----------------------------------------------------------------------+
; Analysis & Synthesis Resource Usage Summary                           ;
+---------------------------------------------+-------------------------+
; Resource                                    ; Usage                   ;
+---------------------------------------------+-------------------------+
; Estimated Total logic elements              ; 3,206                   ;
;                                             ;                         ;
; Total combinational functions               ; 2246                    ;
; Logic element usage by number of LUT inputs ;                         ;
;     -- 4 input functions                    ; 1723                    ;
;     -- 3 input functions                    ; 460                     ;
;     -- <=2 input functions                  ; 63                      ;
;                                             ;                         ;
; Logic elements by mode                      ;                         ;
;     -- normal mode                          ; 2088                    ;
;     -- arithmetic mode                      ; 158                     ;
;                                             ;                         ;
; Total registers                             ; 1026                    ;
;     -- Dedicated logic registers            ; 1026                    ;
;     -- I/O registers                        ; 0                       ;
;                                             ;                         ;
; I/O pins                                    ; 237                     ;
; Total memory bits                           ; 262144                  ;
;                                             ;                         ;
; Embedded Multiplier 9-bit elements          ; 0                       ;
;                                             ;                         ;
; Maximum fan-out node                        ; clk_div_2:div_4|clk_out ;
; Maximum fan-out                             ; 1027                    ;
; Total fan-out                               ; 13887                   ;
; Average fan-out                             ; 3.64                    ;
+---------------------------------------------+-------------------------+


+--------------------------------------------------------------------------------------------------------------------------------------------------------------------------------------------------------------------------------------------------------------------------------------+
; Analysis & Synthesis Resource Utilization by Entity                                                                                                                                                                                                                                  ;
+------------------------------------------------+-------------------+--------------+-------------+--------------+---------+-----------+------+--------------+----------------------------------------------------------------------------------------+-----------------+--------------+
; Compilation Hierarchy Node                     ; LC Combinationals ; LC Registers ; Memory Bits ; DSP Elements ; DSP 9x9 ; DSP 18x18 ; Pins ; Virtual Pins ; Full Hierarchy Name                                                                    ; Entity Name     ; Library Name ;
+------------------------------------------------+-------------------+--------------+-------------+--------------+---------+-----------+------+--------------+----------------------------------------------------------------------------------------+-----------------+--------------+
; |skeleton                                      ; 2246 (0)          ; 1026 (0)     ; 262144      ; 0            ; 0       ; 0         ; 237  ; 0            ; |skeleton                                                                              ; skeleton        ; work         ;
;    |clk_div_2:div_2|                           ; 1 (1)             ; 1 (1)        ; 0           ; 0            ; 0       ; 0         ; 0    ; 0            ; |skeleton|clk_div_2:div_2                                                              ; clk_div_2       ; work         ;
;    |clk_div_2:div_4|                           ; 1 (1)             ; 1 (1)        ; 0           ; 0            ; 0       ; 0         ; 0    ; 0            ; |skeleton|clk_div_2:div_4                                                              ; clk_div_2       ; work         ;
;    |dmem:my_dmem|                              ; 0 (0)             ; 0 (0)        ; 131072      ; 0            ; 0       ; 0         ; 0    ; 0            ; |skeleton|dmem:my_dmem                                                                 ; dmem            ; work         ;
;       |altsyncram:altsyncram_component|        ; 0 (0)             ; 0 (0)        ; 131072      ; 0            ; 0       ; 0         ; 0    ; 0            ; |skeleton|dmem:my_dmem|altsyncram:altsyncram_component                                 ; altsyncram      ; work         ;
;          |altsyncram_0jf1:auto_generated|      ; 0 (0)             ; 0 (0)        ; 131072      ; 0            ; 0       ; 0         ; 0    ; 0            ; |skeleton|dmem:my_dmem|altsyncram:altsyncram_component|altsyncram_0jf1:auto_generated  ; altsyncram_0jf1 ; work         ;
;    |imem:my_imem|                              ; 0 (0)             ; 0 (0)        ; 131072      ; 0            ; 0       ; 0         ; 0    ; 0            ; |skeleton|imem:my_imem                                                                 ; imem            ; work         ;
;       |altsyncram:altsyncram_component|        ; 0 (0)             ; 0 (0)        ; 131072      ; 0            ; 0       ; 0         ; 0    ; 0            ; |skeleton|imem:my_imem|altsyncram:altsyncram_component                                 ; altsyncram      ; work         ;
;          |altsyncram_m591:auto_generated|      ; 0 (0)             ; 0 (0)        ; 131072      ; 0            ; 0       ; 0         ; 0    ; 0            ; |skeleton|imem:my_imem|altsyncram:altsyncram_component|altsyncram_m591:auto_generated  ; altsyncram_m591 ; work         ;
;    |processor:my_processor|                    ; 859 (379)         ; 32 (0)       ; 0           ; 0            ; 0       ; 0         ; 0    ; 0            ; |skeleton|processor:my_processor                                                       ; processor       ; work         ;
;       |alu:alu_op|                             ; 453 (453)         ; 0 (0)        ; 0           ; 0            ; 0       ; 0         ; 0    ; 0            ; |skeleton|processor:my_processor|alu:alu_op                                            ; alu             ; work         ;
;       |register:pc_fetch|                      ; 27 (0)            ; 32 (0)       ; 0           ; 0            ; 0       ; 0         ; 0    ; 0            ; |skeleton|processor:my_processor|register:pc_fetch                                     ; register        ; work         ;
;          |dffe_ref:register_intialize[0].dff|  ; 1 (1)             ; 1 (1)        ; 0           ; 0            ; 0       ; 0         ; 0    ; 0            ; |skeleton|processor:my_processor|register:pc_fetch|dffe_ref:register_intialize[0].dff  ; dffe_ref        ; work         ;
;          |dffe_ref:register_intialize[10].dff| ; 1 (1)             ; 1 (1)        ; 0           ; 0            ; 0       ; 0         ; 0    ; 0            ; |skeleton|processor:my_processor|register:pc_fetch|dffe_ref:register_intialize[10].dff ; dffe_ref        ; work         ;
;          |dffe_ref:register_intialize[11].dff| ; 1 (1)             ; 1 (1)        ; 0           ; 0            ; 0       ; 0         ; 0    ; 0            ; |skeleton|processor:my_processor|register:pc_fetch|dffe_ref:register_intialize[11].dff ; dffe_ref        ; work         ;
;          |dffe_ref:register_intialize[12].dff| ; 1 (1)             ; 1 (1)        ; 0           ; 0            ; 0       ; 0         ; 0    ; 0            ; |skeleton|processor:my_processor|register:pc_fetch|dffe_ref:register_intialize[12].dff ; dffe_ref        ; work         ;
;          |dffe_ref:register_intialize[13].dff| ; 1 (1)             ; 1 (1)        ; 0           ; 0            ; 0       ; 0         ; 0    ; 0            ; |skeleton|processor:my_processor|register:pc_fetch|dffe_ref:register_intialize[13].dff ; dffe_ref        ; work         ;
;          |dffe_ref:register_intialize[14].dff| ; 1 (1)             ; 1 (1)        ; 0           ; 0            ; 0       ; 0         ; 0    ; 0            ; |skeleton|processor:my_processor|register:pc_fetch|dffe_ref:register_intialize[14].dff ; dffe_ref        ; work         ;
;          |dffe_ref:register_intialize[15].dff| ; 1 (1)             ; 1 (1)        ; 0           ; 0            ; 0       ; 0         ; 0    ; 0            ; |skeleton|processor:my_processor|register:pc_fetch|dffe_ref:register_intialize[15].dff ; dffe_ref        ; work         ;
;          |dffe_ref:register_intialize[16].dff| ; 1 (1)             ; 1 (1)        ; 0           ; 0            ; 0       ; 0         ; 0    ; 0            ; |skeleton|processor:my_processor|register:pc_fetch|dffe_ref:register_intialize[16].dff ; dffe_ref        ; work         ;
;          |dffe_ref:register_intialize[17].dff| ; 1 (1)             ; 1 (1)        ; 0           ; 0            ; 0       ; 0         ; 0    ; 0            ; |skeleton|processor:my_processor|register:pc_fetch|dffe_ref:register_intialize[17].dff ; dffe_ref        ; work         ;
;          |dffe_ref:register_intialize[18].dff| ; 1 (1)             ; 1 (1)        ; 0           ; 0            ; 0       ; 0         ; 0    ; 0            ; |skeleton|processor:my_processor|register:pc_fetch|dffe_ref:register_intialize[18].dff ; dffe_ref        ; work         ;
;          |dffe_ref:register_intialize[19].dff| ; 1 (1)             ; 1 (1)        ; 0           ; 0            ; 0       ; 0         ; 0    ; 0            ; |skeleton|processor:my_processor|register:pc_fetch|dffe_ref:register_intialize[19].dff ; dffe_ref        ; work         ;
;          |dffe_ref:register_intialize[1].dff|  ; 1 (1)             ; 1 (1)        ; 0           ; 0            ; 0       ; 0         ; 0    ; 0            ; |skeleton|processor:my_processor|register:pc_fetch|dffe_ref:register_intialize[1].dff  ; dffe_ref        ; work         ;
;          |dffe_ref:register_intialize[20].dff| ; 1 (1)             ; 1 (1)        ; 0           ; 0            ; 0       ; 0         ; 0    ; 0            ; |skeleton|processor:my_processor|register:pc_fetch|dffe_ref:register_intialize[20].dff ; dffe_ref        ; work         ;
;          |dffe_ref:register_intialize[21].dff| ; 1 (1)             ; 1 (1)        ; 0           ; 0            ; 0       ; 0         ; 0    ; 0            ; |skeleton|processor:my_processor|register:pc_fetch|dffe_ref:register_intialize[21].dff ; dffe_ref        ; work         ;
;          |dffe_ref:register_intialize[22].dff| ; 1 (1)             ; 1 (1)        ; 0           ; 0            ; 0       ; 0         ; 0    ; 0            ; |skeleton|processor:my_processor|register:pc_fetch|dffe_ref:register_intialize[22].dff ; dffe_ref        ; work         ;
;          |dffe_ref:register_intialize[23].dff| ; 1 (1)             ; 1 (1)        ; 0           ; 0            ; 0       ; 0         ; 0    ; 0            ; |skeleton|processor:my_processor|register:pc_fetch|dffe_ref:register_intialize[23].dff ; dffe_ref        ; work         ;
;          |dffe_ref:register_intialize[24].dff| ; 1 (1)             ; 1 (1)        ; 0           ; 0            ; 0       ; 0         ; 0    ; 0            ; |skeleton|processor:my_processor|register:pc_fetch|dffe_ref:register_intialize[24].dff ; dffe_ref        ; work         ;
;          |dffe_ref:register_intialize[25].dff| ; 1 (1)             ; 1 (1)        ; 0           ; 0            ; 0       ; 0         ; 0    ; 0            ; |skeleton|processor:my_processor|register:pc_fetch|dffe_ref:register_intialize[25].dff ; dffe_ref        ; work         ;
;          |dffe_ref:register_intialize[26].dff| ; 1 (1)             ; 1 (1)        ; 0           ; 0            ; 0       ; 0         ; 0    ; 0            ; |skeleton|processor:my_processor|register:pc_fetch|dffe_ref:register_intialize[26].dff ; dffe_ref        ; work         ;
;          |dffe_ref:register_intialize[27].dff| ; 0 (0)             ; 1 (1)        ; 0           ; 0            ; 0       ; 0         ; 0    ; 0            ; |skeleton|processor:my_processor|register:pc_fetch|dffe_ref:register_intialize[27].dff ; dffe_ref        ; work         ;
;          |dffe_ref:register_intialize[28].dff| ; 0 (0)             ; 1 (1)        ; 0           ; 0            ; 0       ; 0         ; 0    ; 0            ; |skeleton|processor:my_processor|register:pc_fetch|dffe_ref:register_intialize[28].dff ; dffe_ref        ; work         ;
;          |dffe_ref:register_intialize[29].dff| ; 0 (0)             ; 1 (1)        ; 0           ; 0            ; 0       ; 0         ; 0    ; 0            ; |skeleton|processor:my_processor|register:pc_fetch|dffe_ref:register_intialize[29].dff ; dffe_ref        ; work         ;
;          |dffe_ref:register_intialize[2].dff|  ; 1 (1)             ; 1 (1)        ; 0           ; 0            ; 0       ; 0         ; 0    ; 0            ; |skeleton|processor:my_processor|register:pc_fetch|dffe_ref:register_intialize[2].dff  ; dffe_ref        ; work         ;
;          |dffe_ref:register_intialize[30].dff| ; 0 (0)             ; 1 (1)        ; 0           ; 0            ; 0       ; 0         ; 0    ; 0            ; |skeleton|processor:my_processor|register:pc_fetch|dffe_ref:register_intialize[30].dff ; dffe_ref        ; work         ;
;          |dffe_ref:register_intialize[31].dff| ; 0 (0)             ; 1 (1)        ; 0           ; 0            ; 0       ; 0         ; 0    ; 0            ; |skeleton|processor:my_processor|register:pc_fetch|dffe_ref:register_intialize[31].dff ; dffe_ref        ; work         ;
;          |dffe_ref:register_intialize[3].dff|  ; 1 (1)             ; 1 (1)        ; 0           ; 0            ; 0       ; 0         ; 0    ; 0            ; |skeleton|processor:my_processor|register:pc_fetch|dffe_ref:register_intialize[3].dff  ; dffe_ref        ; work         ;
;          |dffe_ref:register_intialize[4].dff|  ; 1 (1)             ; 1 (1)        ; 0           ; 0            ; 0       ; 0         ; 0    ; 0            ; |skeleton|processor:my_processor|register:pc_fetch|dffe_ref:register_intialize[4].dff  ; dffe_ref        ; work         ;
;          |dffe_ref:register_intialize[5].dff|  ; 1 (1)             ; 1 (1)        ; 0           ; 0            ; 0       ; 0         ; 0    ; 0            ; |skeleton|processor:my_processor|register:pc_fetch|dffe_ref:register_intialize[5].dff  ; dffe_ref        ; work         ;
;          |dffe_ref:register_intialize[6].dff|  ; 1 (1)             ; 1 (1)        ; 0           ; 0            ; 0       ; 0         ; 0    ; 0            ; |skeleton|processor:my_processor|register:pc_fetch|dffe_ref:register_intialize[6].dff  ; dffe_ref        ; work         ;
;          |dffe_ref:register_intialize[7].dff|  ; 1 (1)             ; 1 (1)        ; 0           ; 0            ; 0       ; 0         ; 0    ; 0            ; |skeleton|processor:my_processor|register:pc_fetch|dffe_ref:register_intialize[7].dff  ; dffe_ref        ; work         ;
;          |dffe_ref:register_intialize[8].dff|  ; 1 (1)             ; 1 (1)        ; 0           ; 0            ; 0       ; 0         ; 0    ; 0            ; |skeleton|processor:my_processor|register:pc_fetch|dffe_ref:register_intialize[8].dff  ; dffe_ref        ; work         ;
;          |dffe_ref:register_intialize[9].dff|  ; 1 (1)             ; 1 (1)        ; 0           ; 0            ; 0       ; 0         ; 0    ; 0            ; |skeleton|processor:my_processor|register:pc_fetch|dffe_ref:register_intialize[9].dff  ; dffe_ref        ; work         ;
;    |regfile:my_regfile|                        ; 1385 (1385)       ; 992 (992)    ; 0           ; 0            ; 0       ; 0         ; 0    ; 0            ; |skeleton|regfile:my_regfile                                                           ; regfile         ; work         ;
+------------------------------------------------+-------------------+--------------+-------------+--------------+---------+-----------+------+--------------+----------------------------------------------------------------------------------------+-----------------+--------------+
Note: For table entries with two numbers listed, the numbers in parentheses indicate the number of resources of the given type used by the specific entity alone. The numbers listed outside of parentheses indicate the total resources of the given type used by the specific entity and all of its sub-entities in the hierarchy.


+---------------------------------------------------------------------------------------------------------------------------------------------------------------------------------------------+
; Analysis & Synthesis RAM Summary                                                                                                                                                            ;
+----------------------------------------------------------------------------------------+------+-------------+--------------+--------------+--------------+--------------+--------+----------+
; Name                                                                                   ; Type ; Mode        ; Port A Depth ; Port A Width ; Port B Depth ; Port B Width ; Size   ; MIF      ;
+----------------------------------------------------------------------------------------+------+-------------+--------------+--------------+--------------+--------------+--------+----------+
; dmem:my_dmem|altsyncram:altsyncram_component|altsyncram_0jf1:auto_generated|ALTSYNCRAM ; AUTO ; Single Port ; 4096         ; 32           ; --           ; --           ; 131072 ; None     ;
; imem:my_imem|altsyncram:altsyncram_component|altsyncram_m591:auto_generated|ALTSYNCRAM ; AUTO ; ROM         ; 4096         ; 32           ; --           ; --           ; 131072 ; imem.mif ;
+----------------------------------------------------------------------------------------+------+-------------+--------------+--------------+--------------+--------------+--------+----------+


+--------------------------------------------------------------------------------------+
; Registers Removed During Synthesis                                                   ;
+----------------------------------------+---------------------------------------------+
; Register name                          ; Reason for Removal                          ;
+----------------------------------------+---------------------------------------------+
; regfile:my_regfile|registers[0][31]    ; Stuck at GND due to stuck port clock_enable ;
; regfile:my_regfile|registers[0][30]    ; Stuck at GND due to stuck port clock_enable ;
; regfile:my_regfile|registers[0][29]    ; Stuck at GND due to stuck port clock_enable ;
; regfile:my_regfile|registers[0][28]    ; Stuck at GND due to stuck port clock_enable ;
; regfile:my_regfile|registers[0][27]    ; Stuck at GND due to stuck port clock_enable ;
; regfile:my_regfile|registers[0][26]    ; Stuck at GND due to stuck port clock_enable ;
; regfile:my_regfile|registers[0][25]    ; Stuck at GND due to stuck port clock_enable ;
; regfile:my_regfile|registers[0][24]    ; Stuck at GND due to stuck port clock_enable ;
; regfile:my_regfile|registers[0][23]    ; Stuck at GND due to stuck port clock_enable ;
; regfile:my_regfile|registers[0][22]    ; Stuck at GND due to stuck port clock_enable ;
; regfile:my_regfile|registers[0][21]    ; Stuck at GND due to stuck port clock_enable ;
; regfile:my_regfile|registers[0][20]    ; Stuck at GND due to stuck port clock_enable ;
; regfile:my_regfile|registers[0][19]    ; Stuck at GND due to stuck port clock_enable ;
; regfile:my_regfile|registers[0][18]    ; Stuck at GND due to stuck port clock_enable ;
; regfile:my_regfile|registers[0][17]    ; Stuck at GND due to stuck port clock_enable ;
; regfile:my_regfile|registers[0][16]    ; Stuck at GND due to stuck port clock_enable ;
; regfile:my_regfile|registers[0][15]    ; Stuck at GND due to stuck port clock_enable ;
; regfile:my_regfile|registers[0][14]    ; Stuck at GND due to stuck port clock_enable ;
; regfile:my_regfile|registers[0][13]    ; Stuck at GND due to stuck port clock_enable ;
; regfile:my_regfile|registers[0][12]    ; Stuck at GND due to stuck port clock_enable ;
; regfile:my_regfile|registers[0][11]    ; Stuck at GND due to stuck port clock_enable ;
; regfile:my_regfile|registers[0][10]    ; Stuck at GND due to stuck port clock_enable ;
; regfile:my_regfile|registers[0][9]     ; Stuck at GND due to stuck port clock_enable ;
; regfile:my_regfile|registers[0][8]     ; Stuck at GND due to stuck port clock_enable ;
; regfile:my_regfile|registers[0][7]     ; Stuck at GND due to stuck port clock_enable ;
; regfile:my_regfile|registers[0][6]     ; Stuck at GND due to stuck port clock_enable ;
; regfile:my_regfile|registers[0][5]     ; Stuck at GND due to stuck port clock_enable ;
; regfile:my_regfile|registers[0][4]     ; Stuck at GND due to stuck port clock_enable ;
; regfile:my_regfile|registers[0][3]     ; Stuck at GND due to stuck port clock_enable ;
; regfile:my_regfile|registers[0][2]     ; Stuck at GND due to stuck port clock_enable ;
; regfile:my_regfile|registers[0][1]     ; Stuck at GND due to stuck port clock_enable ;
; regfile:my_regfile|registers[0][0]     ; Stuck at GND due to stuck port clock_enable ;
; Total Number of Removed Registers = 32 ;                                             ;
+----------------------------------------+---------------------------------------------+


+--------------------------------------------------------------------------------------------------------------------------------------------------+
; Removed Registers Triggering Further Register Optimizations                                                                                      ;
+-------------------------------------+--------------------------------+---------------------------------------------------------------------------+
; Register name                       ; Reason for Removal             ; Registers Removed due to This Register                                    ;
+-------------------------------------+--------------------------------+---------------------------------------------------------------------------+
; regfile:my_regfile|registers[0][31] ; Stuck at GND                   ; regfile:my_regfile|registers[0][29], regfile:my_regfile|registers[0][26], ;
;                                     ; due to stuck port clock_enable ; regfile:my_regfile|registers[0][25], regfile:my_regfile|registers[0][24], ;
;                                     ;                                ; regfile:my_regfile|registers[0][23], regfile:my_regfile|registers[0][22], ;
;                                     ;                                ; regfile:my_regfile|registers[0][21], regfile:my_regfile|registers[0][20], ;
;                                     ;                                ; regfile:my_regfile|registers[0][19], regfile:my_regfile|registers[0][18], ;
;                                     ;                                ; regfile:my_regfile|registers[0][17], regfile:my_regfile|registers[0][16], ;
;                                     ;                                ; regfile:my_regfile|registers[0][15]                                       ;
+-------------------------------------+--------------------------------+---------------------------------------------------------------------------+


+------------------------------------------------------+
; General Register Statistics                          ;
+----------------------------------------------+-------+
; Statistic                                    ; Value ;
+----------------------------------------------+-------+
; Total registers                              ; 1026  ;
; Number of registers using Synchronous Clear  ; 0     ;
; Number of registers using Synchronous Load   ; 27    ;
; Number of registers using Asynchronous Clear ; 1026  ;
; Number of registers using Asynchronous Load  ; 0     ;
; Number of registers using Clock Enable       ; 992   ;
; Number of registers using Preset             ; 0     ;
+----------------------------------------------+-------+


+--------------------------------------------------------------------------------------------------------------------------------------------------------------------------------------------------------+
; Multiplexer Restructuring Statistics (Restructuring Performed)                                                                                                                                         ;
+--------------------+-----------+---------------+----------------------+------------------------+------------+------------------------------------------------------------------------------------------+
; Multiplexer Inputs ; Bus Width ; Baseline Area ; Area if Restructured ; Saving if Restructured ; Registered ; Example Multiplexer Output                                                               ;
+--------------------+-----------+---------------+----------------------+------------------------+------------+------------------------------------------------------------------------------------------+
; 3:1                ; 5 bits    ; 10 LEs        ; 10 LEs               ; 0 LEs                  ; Yes        ; |skeleton|processor:my_processor|register:pc_fetch|dffe_ref:register_intialize[30].dff|q ;
; 3:1                ; 27 bits   ; 54 LEs        ; 54 LEs               ; 0 LEs                  ; Yes        ; |skeleton|processor:my_processor|register:pc_fetch|dffe_ref:register_intialize[12].dff|q ;
; 3:1                ; 5 bits    ; 10 LEs        ; 10 LEs               ; 0 LEs                  ; No         ; |skeleton|processor:my_processor|ctrl_readRegA[1]                                        ;
; 3:1                ; 5 bits    ; 10 LEs        ; 10 LEs               ; 0 LEs                  ; No         ; |skeleton|processor:my_processor|ctrl_writeReg[3]                                        ;
; 3:1                ; 5 bits    ; 10 LEs        ; 10 LEs               ; 0 LEs                  ; No         ; |skeleton|processor:my_processor|ctrl_readRegB[0]                                        ;
; 5:1                ; 10 bits   ; 30 LEs        ; 30 LEs               ; 0 LEs                  ; No         ; |skeleton|processor:my_processor|data_writeReg[10]                                       ;
; 32:1               ; 32 bits   ; 672 LEs       ; 672 LEs              ; 0 LEs                  ; No         ; |skeleton|regfile:my_regfile|Mux55                                                       ;
; 32:1               ; 32 bits   ; 672 LEs       ; 672 LEs              ; 0 LEs                  ; No         ; |skeleton|regfile:my_regfile|Mux29                                                       ;
; 35:1               ; 4 bits    ; 92 LEs        ; 20 LEs               ; 72 LEs                 ; No         ; |skeleton|processor:my_processor|alu:alu_op|Selector21                                   ;
; 36:1               ; 4 bits    ; 96 LEs        ; 24 LEs               ; 72 LEs                 ; No         ; |skeleton|processor:my_processor|alu:alu_op|Selector26                                   ;
; 37:1               ; 2 bits    ; 48 LEs        ; 12 LEs               ; 36 LEs                 ; No         ; |skeleton|processor:my_processor|alu:alu_op|Selector28                                   ;
; 38:1               ; 2 bits    ; 50 LEs        ; 14 LEs               ; 36 LEs                 ; No         ; |skeleton|processor:my_processor|alu:alu_op|Selector31                                   ;
; 39:1               ; 4 bits    ; 104 LEs       ; 28 LEs               ; 76 LEs                 ; No         ; |skeleton|processor:my_processor|data_writeReg[15]                                       ;
; 39:1               ; 8 bits    ; 208 LEs       ; 64 LEs               ; 144 LEs                ; No         ; |skeleton|processor:my_processor|data_writeReg[20]                                       ;
; 40:1               ; 3 bits    ; 78 LEs        ; 27 LEs               ; 51 LEs                 ; No         ; |skeleton|processor:my_processor|data_writeReg[26]                                       ;
; 41:1               ; 2 bits    ; 54 LEs        ; 16 LEs               ; 38 LEs                 ; No         ; |skeleton|processor:my_processor|data_writeReg[29]                                       ;
+--------------------+-----------+---------------+----------------------+------------------------+------------+------------------------------------------------------------------------------------------+


+----------------------------------------------------------------------------------------------------+
; Source assignments for imem:my_imem|altsyncram:altsyncram_component|altsyncram_m591:auto_generated ;
+---------------------------------+--------------------+------+--------------------------------------+
; Assignment                      ; Value              ; From ; To                                   ;
+---------------------------------+--------------------+------+--------------------------------------+
; OPTIMIZE_POWER_DURING_SYNTHESIS ; NORMAL_COMPILATION ; -    ; -                                    ;
+---------------------------------+--------------------+------+--------------------------------------+


+----------------------------------------------------------------------------------------------------+
; Source assignments for dmem:my_dmem|altsyncram:altsyncram_component|altsyncram_0jf1:auto_generated ;
+---------------------------------+--------------------+------+--------------------------------------+
; Assignment                      ; Value              ; From ; To                                   ;
+---------------------------------+--------------------+------+--------------------------------------+
; OPTIMIZE_POWER_DURING_SYNTHESIS ; NORMAL_COMPILATION ; -    ; -                                    ;
+---------------------------------+--------------------+------+--------------------------------------+


+-------------------------------------------------------------------------------------------+
; Parameter Settings for User Entity Instance: imem:my_imem|altsyncram:altsyncram_component ;
+------------------------------------+----------------------+-------------------------------+
; Parameter Name                     ; Value                ; Type                          ;
+------------------------------------+----------------------+-------------------------------+
; BYTE_SIZE_BLOCK                    ; 8                    ; Untyped                       ;
; AUTO_CARRY_CHAINS                  ; ON                   ; AUTO_CARRY                    ;
; IGNORE_CARRY_BUFFERS               ; OFF                  ; IGNORE_CARRY                  ;
; AUTO_CASCADE_CHAINS                ; ON                   ; AUTO_CASCADE                  ;
; IGNORE_CASCADE_BUFFERS             ; OFF                  ; IGNORE_CASCADE                ;
; WIDTH_BYTEENA                      ; 1                    ; Untyped                       ;
; OPERATION_MODE                     ; ROM                  ; Untyped                       ;
; WIDTH_A                            ; 32                   ; Signed Integer                ;
; WIDTHAD_A                          ; 12                   ; Signed Integer                ;
; NUMWORDS_A                         ; 4096                 ; Signed Integer                ;
; OUTDATA_REG_A                      ; CLOCK0               ; Untyped                       ;
; ADDRESS_ACLR_A                     ; NONE                 ; Untyped                       ;
; OUTDATA_ACLR_A                     ; NONE                 ; Untyped                       ;
; WRCONTROL_ACLR_A                   ; NONE                 ; Untyped                       ;
; INDATA_ACLR_A                      ; NONE                 ; Untyped                       ;
; BYTEENA_ACLR_A                     ; NONE                 ; Untyped                       ;
; WIDTH_B                            ; 1                    ; Untyped                       ;
; WIDTHAD_B                          ; 1                    ; Untyped                       ;
; NUMWORDS_B                         ; 1                    ; Untyped                       ;
; INDATA_REG_B                       ; CLOCK1               ; Untyped                       ;
; WRCONTROL_WRADDRESS_REG_B          ; CLOCK1               ; Untyped                       ;
; RDCONTROL_REG_B                    ; CLOCK1               ; Untyped                       ;
; ADDRESS_REG_B                      ; CLOCK1               ; Untyped                       ;
; OUTDATA_REG_B                      ; UNREGISTERED         ; Untyped                       ;
; BYTEENA_REG_B                      ; CLOCK1               ; Untyped                       ;
; INDATA_ACLR_B                      ; NONE                 ; Untyped                       ;
; WRCONTROL_ACLR_B                   ; NONE                 ; Untyped                       ;
; ADDRESS_ACLR_B                     ; NONE                 ; Untyped                       ;
; OUTDATA_ACLR_B                     ; NONE                 ; Untyped                       ;
; RDCONTROL_ACLR_B                   ; NONE                 ; Untyped                       ;
; BYTEENA_ACLR_B                     ; NONE                 ; Untyped                       ;
; WIDTH_BYTEENA_A                    ; 1                    ; Signed Integer                ;
; WIDTH_BYTEENA_B                    ; 1                    ; Untyped                       ;
; RAM_BLOCK_TYPE                     ; AUTO                 ; Untyped                       ;
; BYTE_SIZE                          ; 8                    ; Untyped                       ;
; READ_DURING_WRITE_MODE_MIXED_PORTS ; DONT_CARE            ; Untyped                       ;
; READ_DURING_WRITE_MODE_PORT_A      ; NEW_DATA_NO_NBE_READ ; Untyped                       ;
; READ_DURING_WRITE_MODE_PORT_B      ; NEW_DATA_NO_NBE_READ ; Untyped                       ;
; INIT_FILE                          ; imem.mif             ; Untyped                       ;
; INIT_FILE_LAYOUT                   ; PORT_A               ; Untyped                       ;
; MAXIMUM_DEPTH                      ; 0                    ; Untyped                       ;
; CLOCK_ENABLE_INPUT_A               ; BYPASS               ; Untyped                       ;
; CLOCK_ENABLE_INPUT_B               ; NORMAL               ; Untyped                       ;
; CLOCK_ENABLE_OUTPUT_A              ; BYPASS               ; Untyped                       ;
; CLOCK_ENABLE_OUTPUT_B              ; NORMAL               ; Untyped                       ;
; CLOCK_ENABLE_CORE_A                ; USE_INPUT_CLKEN      ; Untyped                       ;
; CLOCK_ENABLE_CORE_B                ; USE_INPUT_CLKEN      ; Untyped                       ;
; ENABLE_ECC                         ; FALSE                ; Untyped                       ;
; ECC_PIPELINE_STAGE_ENABLED         ; FALSE                ; Untyped                       ;
; WIDTH_ECCSTATUS                    ; 3                    ; Untyped                       ;
; DEVICE_FAMILY                      ; Cyclone IV E         ; Untyped                       ;
; CBXI_PARAMETER                     ; altsyncram_m591      ; Untyped                       ;
+------------------------------------+----------------------+-------------------------------+
Note: In order to hide this table in the UI and the text report file, please set the "Show Parameter Settings in Synthesis Report" option in "Analysis and Synthesis Settings -> More Settings" to "Off".


+-------------------------------------------------------------------------------------------+
; Parameter Settings for User Entity Instance: dmem:my_dmem|altsyncram:altsyncram_component ;
+------------------------------------+----------------------+-------------------------------+
; Parameter Name                     ; Value                ; Type                          ;
+------------------------------------+----------------------+-------------------------------+
; BYTE_SIZE_BLOCK                    ; 8                    ; Untyped                       ;
; AUTO_CARRY_CHAINS                  ; ON                   ; AUTO_CARRY                    ;
; IGNORE_CARRY_BUFFERS               ; OFF                  ; IGNORE_CARRY                  ;
; AUTO_CASCADE_CHAINS                ; ON                   ; AUTO_CASCADE                  ;
; IGNORE_CASCADE_BUFFERS             ; OFF                  ; IGNORE_CASCADE                ;
; WIDTH_BYTEENA                      ; 1                    ; Untyped                       ;
; OPERATION_MODE                     ; SINGLE_PORT          ; Untyped                       ;
; WIDTH_A                            ; 32                   ; Signed Integer                ;
; WIDTHAD_A                          ; 12                   ; Signed Integer                ;
; NUMWORDS_A                         ; 4096                 ; Signed Integer                ;
; OUTDATA_REG_A                      ; CLOCK0               ; Untyped                       ;
; ADDRESS_ACLR_A                     ; NONE                 ; Untyped                       ;
; OUTDATA_ACLR_A                     ; NONE                 ; Untyped                       ;
; WRCONTROL_ACLR_A                   ; NONE                 ; Untyped                       ;
; INDATA_ACLR_A                      ; NONE                 ; Untyped                       ;
; BYTEENA_ACLR_A                     ; NONE                 ; Untyped                       ;
; WIDTH_B                            ; 1                    ; Untyped                       ;
; WIDTHAD_B                          ; 1                    ; Untyped                       ;
; NUMWORDS_B                         ; 1                    ; Untyped                       ;
; INDATA_REG_B                       ; CLOCK1               ; Untyped                       ;
; WRCONTROL_WRADDRESS_REG_B          ; CLOCK1               ; Untyped                       ;
; RDCONTROL_REG_B                    ; CLOCK1               ; Untyped                       ;
; ADDRESS_REG_B                      ; CLOCK1               ; Untyped                       ;
; OUTDATA_REG_B                      ; UNREGISTERED         ; Untyped                       ;
; BYTEENA_REG_B                      ; CLOCK1               ; Untyped                       ;
; INDATA_ACLR_B                      ; NONE                 ; Untyped                       ;
; WRCONTROL_ACLR_B                   ; NONE                 ; Untyped                       ;
; ADDRESS_ACLR_B                     ; NONE                 ; Untyped                       ;
; OUTDATA_ACLR_B                     ; NONE                 ; Untyped                       ;
; RDCONTROL_ACLR_B                   ; NONE                 ; Untyped                       ;
; BYTEENA_ACLR_B                     ; NONE                 ; Untyped                       ;
; WIDTH_BYTEENA_A                    ; 1                    ; Signed Integer                ;
; WIDTH_BYTEENA_B                    ; 1                    ; Untyped                       ;
; RAM_BLOCK_TYPE                     ; AUTO                 ; Untyped                       ;
; BYTE_SIZE                          ; 8                    ; Untyped                       ;
; READ_DURING_WRITE_MODE_MIXED_PORTS ; DONT_CARE            ; Untyped                       ;
; READ_DURING_WRITE_MODE_PORT_A      ; NEW_DATA_NO_NBE_READ ; Untyped                       ;
; READ_DURING_WRITE_MODE_PORT_B      ; NEW_DATA_NO_NBE_READ ; Untyped                       ;
; INIT_FILE                          ; UNUSED               ; Untyped                       ;
; INIT_FILE_LAYOUT                   ; PORT_A               ; Untyped                       ;
; MAXIMUM_DEPTH                      ; 0                    ; Untyped                       ;
; CLOCK_ENABLE_INPUT_A               ; BYPASS               ; Untyped                       ;
; CLOCK_ENABLE_INPUT_B               ; NORMAL               ; Untyped                       ;
; CLOCK_ENABLE_OUTPUT_A              ; BYPASS               ; Untyped                       ;
; CLOCK_ENABLE_OUTPUT_B              ; NORMAL               ; Untyped                       ;
; CLOCK_ENABLE_CORE_A                ; USE_INPUT_CLKEN      ; Untyped                       ;
; CLOCK_ENABLE_CORE_B                ; USE_INPUT_CLKEN      ; Untyped                       ;
; ENABLE_ECC                         ; FALSE                ; Untyped                       ;
; ECC_PIPELINE_STAGE_ENABLED         ; FALSE                ; Untyped                       ;
; WIDTH_ECCSTATUS                    ; 3                    ; Untyped                       ;
; DEVICE_FAMILY                      ; Cyclone IV E         ; Untyped                       ;
; CBXI_PARAMETER                     ; altsyncram_0jf1      ; Untyped                       ;
+------------------------------------+----------------------+-------------------------------+
Note: In order to hide this table in the UI and the text report file, please set the "Show Parameter Settings in Synthesis Report" option in "Analysis and Synthesis Settings -> More Settings" to "Off".


+------------------------------------------------------------------------------------------+
; altsyncram Parameter Settings by Entity Instance                                         ;
+-------------------------------------------+----------------------------------------------+
; Name                                      ; Value                                        ;
+-------------------------------------------+----------------------------------------------+
; Number of entity instances                ; 2                                            ;
; Entity Instance                           ; imem:my_imem|altsyncram:altsyncram_component ;
;     -- OPERATION_MODE                     ; ROM                                          ;
;     -- WIDTH_A                            ; 32                                           ;
;     -- NUMWORDS_A                         ; 4096                                         ;
;     -- OUTDATA_REG_A                      ; CLOCK0                                       ;
;     -- WIDTH_B                            ; 1                                            ;
;     -- NUMWORDS_B                         ; 1                                            ;
;     -- ADDRESS_REG_B                      ; CLOCK1                                       ;
;     -- OUTDATA_REG_B                      ; UNREGISTERED                                 ;
;     -- RAM_BLOCK_TYPE                     ; AUTO                                         ;
;     -- READ_DURING_WRITE_MODE_MIXED_PORTS ; DONT_CARE                                    ;
; Entity Instance                           ; dmem:my_dmem|altsyncram:altsyncram_component ;
;     -- OPERATION_MODE                     ; SINGLE_PORT                                  ;
;     -- WIDTH_A                            ; 32                                           ;
;     -- NUMWORDS_A                         ; 4096                                         ;
;     -- OUTDATA_REG_A                      ; CLOCK0                                       ;
;     -- WIDTH_B                            ; 1                                            ;
;     -- NUMWORDS_B                         ; 1                                            ;
;     -- ADDRESS_REG_B                      ; CLOCK1                                       ;
;     -- OUTDATA_REG_B                      ; UNREGISTERED                                 ;
;     -- RAM_BLOCK_TYPE                     ; AUTO                                         ;
;     -- READ_DURING_WRITE_MODE_MIXED_PORTS ; DONT_CARE                                    ;
+-------------------------------------------+----------------------------------------------+


+----------------------------------------------------------------------+
; Port Connectivity Checks: "processor:my_processor|register:pc_fetch" ;
+------+-------+----------+--------------------------------------------+
; Port ; Type  ; Severity ; Details                                    ;
+------+-------+----------+--------------------------------------------+
; en   ; Input ; Info     ; Stuck at VCC                               ;
+------+-------+----------+--------------------------------------------+


+-----------------------------------------------------+
; Post-Synthesis Netlist Statistics for Top Partition ;
+-----------------------+-----------------------------+
; Type                  ; Count                       ;
+-----------------------+-----------------------------+
; boundary_port         ; 237                         ;
; cycloneiii_ff         ; 1026                        ;
;     CLR               ; 7                           ;
;     CLR SLD           ; 27                          ;
;     ENA CLR           ; 992                         ;
; cycloneiii_lcell_comb ; 2247                        ;
;     arith             ; 158                         ;
;         2 data inputs ; 31                          ;
;         3 data inputs ; 127                         ;
;     normal            ; 2089                        ;
;         1 data inputs ; 4                           ;
;         2 data inputs ; 29                          ;
;         3 data inputs ; 333                         ;
;         4 data inputs ; 1723                        ;
; cycloneiii_ram_block  ; 64                          ;
;                       ;                             ;
; Max LUT depth         ; 21.00                       ;
; Average LUT depth     ; 17.39                       ;
+-----------------------+-----------------------------+


+-------------------------------+
; Elapsed Time Per Partition    ;
+----------------+--------------+
; Partition Name ; Elapsed Time ;
+----------------+--------------+
; Top            ; 00:00:17     ;
+----------------+--------------+


+-------------------------------+
; Analysis & Synthesis Messages ;
+-------------------------------+
Info: *******************************************************************
Info: Running Quartus Prime Analysis & Synthesis
    Info: Version 16.0.0 Build 211 04/27/2016 SJ Lite Edition
    Info: Processing started: Wed Nov 10 01:02:24 2021
Info: Command: quartus_map --read_settings_files=on --write_settings_files=off process -c process
Warning (18236): Number of processors has not been specified which may cause overloading on shared machines.  Set the global assignment NUM_PARALLEL_PROCESSORS in your QSF to an appropriate value for best performance.
Info (20030): Parallel compilation is enabled and will use 2 of the 2 processors detected
Info (12021): Found 1 design units, including 1 entities, in source file alu.v
    Info (12023): Found entity 1: alu File: C:/Documents/ECE550/Project_3(1)/alu.v Line: 1
Info (12021): Found 1 design units, including 1 entities, in source file clk_div_2.v
    Info (12023): Found entity 1: clk_div_2 File: C:/Documents/ECE550/Project_3(1)/clk_div_2.v Line: 1
Info (12021): Found 1 design units, including 1 entities, in source file decode_op_code.v
    Info (12023): Found entity 1: decode_op_code File: C:/Documents/ECE550/Project_3(1)/decode_op_code.v Line: 1
Info (12021): Found 1 design units, including 1 entities, in source file dffe_ref.v
    Info (12023): Found entity 1: dffe_ref File: C:/Documents/ECE550/Project_3(1)/dffe_ref.v Line: 1
Info (12021): Found 1 design units, including 1 entities, in source file dmem.v
    Info (12023): Found entity 1: dmem File: C:/Documents/ECE550/Project_3(1)/dmem.v Line: 40
Info (12021): Found 1 design units, including 1 entities, in source file imem.v
    Info (12023): Found entity 1: imem File: C:/Documents/ECE550/Project_3(1)/imem.v Line: 40
Warning (10238): Verilog Module Declaration warning at processor.v(76): ignored anonymous port(s) indicated by duplicate or dangling comma(s) in the port list for module "processor" File: C:/Documents/ECE550/Project_3(1)/processor.v Line: 76
Info (12021): Found 1 design units, including 1 entities, in source file processor.v
    Info (12023): Found entity 1: processor File: C:/Documents/ECE550/Project_3(1)/processor.v Line: 51
Info (12021): Found 1 design units, including 1 entities, in source file regfile.v
    Info (12023): Found entity 1: regfile File: C:/Documents/ECE550/Project_3(1)/regfile.v Line: 1
Info (12021): Found 1 design units, including 1 entities, in source file register.v
    Info (12023): Found entity 1: register File: C:/Documents/ECE550/Project_3(1)/register.v Line: 1
Info (12021): Found 1 design units, including 1 entities, in source file register_32bits.v
    Info (12023): Found entity 1: register_32bits File: C:/Documents/ECE550/Project_3(1)/register_32bits.v Line: 1
Info (12021): Found 1 design units, including 1 entities, in source file skeleton.v
    Info (12023): Found entity 1: skeleton File: C:/Documents/ECE550/Project_3(1)/skeleton.v Line: 12
Info (12021): Found 4 design units, including 4 entities, in source file skeleton_test.v
    Info (12023): Found entity 1: skeleton_test File: C:/Documents/ECE550/Project_3(1)/skeleton_test.v Line: 5
    Info (12023): Found entity 2: mux_2_5bit File: C:/Documents/ECE550/Project_3(1)/skeleton_test.v Line: 124
    Info (12023): Found entity 3: mux_2_1bit File: C:/Documents/ECE550/Project_3(1)/skeleton_test.v Line: 134
    Info (12023): Found entity 4: mux_2 File: C:/Documents/ECE550/Project_3(1)/skeleton_test.v Line: 144
Info (12021): Found 1 design units, including 1 entities, in source file skeleton_test2.v
    Info (12023): Found entity 1: skeleton_test2 File: C:/Documents/ECE550/Project_3(1)/skeleton_test2.v Line: 1
Warning (10236): Verilog HDL Implicit Net warning at processor.v(130): created implicit net for "is_add" File: C:/Documents/ECE550/Project_3(1)/processor.v Line: 130
Warning (10236): Verilog HDL Implicit Net warning at processor.v(131): created implicit net for "is_sub" File: C:/Documents/ECE550/Project_3(1)/processor.v Line: 131
Warning (10236): Verilog HDL Implicit Net warning at skeleton_test.v(24): created implicit net for "stu_imem_clock" File: C:/Documents/ECE550/Project_3(1)/skeleton_test.v Line: 24
Warning (10236): Verilog HDL Implicit Net warning at skeleton_test.v(24): created implicit net for "stu_dmem_clock" File: C:/Documents/ECE550/Project_3(1)/skeleton_test.v Line: 24
Warning (10236): Verilog HDL Implicit Net warning at skeleton_test.v(24): created implicit net for "stu_processor_clock" File: C:/Documents/ECE550/Project_3(1)/skeleton_test.v Line: 24
Warning (10236): Verilog HDL Implicit Net warning at skeleton_test.v(24): created implicit net for "stu_regfile_clock" File: C:/Documents/ECE550/Project_3(1)/skeleton_test.v Line: 24
Info (12127): Elaborating entity "skeleton" for the top level hierarchy
Info (12128): Elaborating entity "clk_div_2" for hierarchy "clk_div_2:div_2" File: C:/Documents/ECE550/Project_3(1)/skeleton.v Line: 30
Info (12128): Elaborating entity "imem" for hierarchy "imem:my_imem" File: C:/Documents/ECE550/Project_3(1)/skeleton.v Line: 48
Info (12128): Elaborating entity "altsyncram" for hierarchy "imem:my_imem|altsyncram:altsyncram_component" File: C:/Documents/ECE550/Project_3(1)/imem.v Line: 82
Info (12130): Elaborated megafunction instantiation "imem:my_imem|altsyncram:altsyncram_component" File: C:/Documents/ECE550/Project_3(1)/imem.v Line: 82
Info (12133): Instantiated megafunction "imem:my_imem|altsyncram:altsyncram_component" with the following parameter: File: C:/Documents/ECE550/Project_3(1)/imem.v Line: 82
    Info (12134): Parameter "address_aclr_a" = "NONE"
    Info (12134): Parameter "clock_enable_input_a" = "BYPASS"
    Info (12134): Parameter "clock_enable_output_a" = "BYPASS"
    Info (12134): Parameter "init_file" = "imem.mif"
    Info (12134): Parameter "intended_device_family" = "Cyclone IV E"
    Info (12134): Parameter "lpm_hint" = "ENABLE_RUNTIME_MOD=NO"
    Info (12134): Parameter "lpm_type" = "altsyncram"
    Info (12134): Parameter "numwords_a" = "4096"
    Info (12134): Parameter "operation_mode" = "ROM"
    Info (12134): Parameter "outdata_aclr_a" = "NONE"
    Info (12134): Parameter "outdata_reg_a" = "CLOCK0"
    Info (12134): Parameter "widthad_a" = "12"
    Info (12134): Parameter "width_a" = "32"
    Info (12134): Parameter "width_byteena_a" = "1"
Info (12021): Found 1 design units, including 1 entities, in source file db/altsyncram_m591.tdf
    Info (12023): Found entity 1: altsyncram_m591 File: C:/Documents/ECE550/Project_3(1)/db/altsyncram_m591.tdf Line: 28
Info (12128): Elaborating entity "altsyncram_m591" for hierarchy "imem:my_imem|altsyncram:altsyncram_component|altsyncram_m591:auto_generated" File: c:/altera_lite/16.0/quartus/libraries/megafunctions/altsyncram.tdf Line: 792
Info (12128): Elaborating entity "dmem" for hierarchy "dmem:my_dmem" File: C:/Documents/ECE550/Project_3(1)/skeleton.v Line: 63
Info (12128): Elaborating entity "altsyncram" for hierarchy "dmem:my_dmem|altsyncram:altsyncram_component" File: C:/Documents/ECE550/Project_3(1)/dmem.v Line: 86
Info (12130): Elaborated megafunction instantiation "dmem:my_dmem|altsyncram:altsyncram_component" File: C:/Documents/ECE550/Project_3(1)/dmem.v Line: 86
Info (12133): Instantiated megafunction "dmem:my_dmem|altsyncram:altsyncram_component" with the following parameter: File: C:/Documents/ECE550/Project_3(1)/dmem.v Line: 86
    Info (12134): Parameter "clock_enable_input_a" = "BYPASS"
    Info (12134): Parameter "clock_enable_output_a" = "BYPASS"
    Info (12134): Parameter "intended_device_family" = "Cyclone IV E"
    Info (12134): Parameter "lpm_hint" = "ENABLE_RUNTIME_MOD=NO"
    Info (12134): Parameter "lpm_type" = "altsyncram"
    Info (12134): Parameter "numwords_a" = "4096"
    Info (12134): Parameter "operation_mode" = "SINGLE_PORT"
    Info (12134): Parameter "outdata_aclr_a" = "NONE"
    Info (12134): Parameter "outdata_reg_a" = "CLOCK0"
    Info (12134): Parameter "power_up_uninitialized" = "FALSE"
    Info (12134): Parameter "read_during_write_mode_port_a" = "NEW_DATA_NO_NBE_READ"
    Info (12134): Parameter "widthad_a" = "12"
    Info (12134): Parameter "width_a" = "32"
    Info (12134): Parameter "width_byteena_a" = "1"
Info (12021): Found 1 design units, including 1 entities, in source file db/altsyncram_0jf1.tdf
    Info (12023): Found entity 1: altsyncram_0jf1 File: C:/Documents/ECE550/Project_3(1)/db/altsyncram_0jf1.tdf Line: 28
Info (12128): Elaborating entity "altsyncram_0jf1" for hierarchy "dmem:my_dmem|altsyncram:altsyncram_component|altsyncram_0jf1:auto_generated" File: c:/altera_lite/16.0/quartus/libraries/megafunctions/altsyncram.tdf Line: 792
Info (12128): Elaborating entity "regfile" for hierarchy "regfile:my_regfile" File: C:/Documents/ECE550/Project_3(1)/skeleton.v Line: 82
Warning (10240): Verilog HDL Always Construct warning at regfile.v(15): inferring latch(es) for variable "i", which holds its previous value in one or more paths through the always construct File: C:/Documents/ECE550/Project_3(1)/regfile.v Line: 15
Info (12128): Elaborating entity "processor" for hierarchy "processor:my_processor" File: C:/Documents/ECE550/Project_3(1)/skeleton.v Line: 108
Info (12128): Elaborating entity "register" for hierarchy "processor:my_processor|register:pc_fetch" File: C:/Documents/ECE550/Project_3(1)/processor.v Line: 105
Info (12128): Elaborating entity "dffe_ref" for hierarchy "processor:my_processor|register:pc_fetch|dffe_ref:register_intialize[0].dff" File: C:/Documents/ECE550/Project_3(1)/register.v Line: 14
Info (12128): Elaborating entity "alu" for hierarchy "processor:my_processor|alu:alu_op" File: C:/Documents/ECE550/Project_3(1)/processor.v Line: 144
Warning (10270): Verilog HDL Case Statement warning at alu.v(25): incomplete case statement has no default case item File: C:/Documents/ECE550/Project_3(1)/alu.v Line: 25
Info (286030): Timing-Driven Synthesis is running
Info (144001): Generated suppressed messages file C:/Documents/ECE550/Project_3(1)/output_files/process.map.smsg
Info (16010): Generating hard_block partition "hard_block:auto_generated_inst"
    Info (16011): Adding 0 node(s), including 0 DDIO, 0 PLL, 0 transceiver and 0 LCELL
Info (21057): Implemented 3539 device resources after synthesis - the final resource count might be different
    Info (21058): Implemented 2 input pins
    Info (21059): Implemented 235 output pins
    Info (21061): Implemented 3238 logic cells
    Info (21064): Implemented 64 RAM segments
Info: Quartus Prime Analysis & Synthesis was successful. 0 errors, 10 warnings
    Info: Peak virtual memory: 4983 megabytes
    Info: Processing ended: Wed Nov 10 01:03:01 2021
    Info: Elapsed time: 00:00:37
    Info: Total CPU time (on all processors): 00:00:49


+------------------------------------------+
; Analysis & Synthesis Suppressed Messages ;
+------------------------------------------+
The suppressed messages can be found in C:/Documents/ECE550/Project_3(1)/output_files/process.map.smsg.


